<?xml version="1.0" encoding="UTF-8"?>
<!-- Generated by org.testng.reporters.JUnitXMLReporter -->
<testsuite hostname="LAPTOP-SW-22" ignored="0" name="Command line test" tests="7" failures="0" timestamp="17 abr 2019 17:37:48 GMT" time="0.061" errors="0">
  <testcase name="saludarPersona" time="0.009" classname="misTests.Tests"/>
  <testcase name="testDeNoNulo" time="0.002" classname="misTests.Tests"/>
  <testcase name="testDeNulo" time="0.0" classname="misTests.Tests"/>
  <testcase name="testNumeroFalso" time="0.001" classname="misTests.Tests"/>
  <testcase name="testNumeroVerdadero" time="0.0" classname="misTests.Tests"/>
  <testcase name="testNumerosIguales" time="0.001" classname="misTests.Tests"/>
  <testcase name="testNumerosNoIguales" time="0.002" classname="misTests.Tests"/>
</testsuite> <!-- Command line test -->
