<?xml version="1.0" encoding="UTF-8"?>
<testng-results skipped="0" failed="0" ignored="0" total="7" passed="7">
  <reporter-output>
  </reporter-output>
  <suite name="misTests.Tests" duration-ms="61" started-at="2019-04-17T17:37:48Z" finished-at="2019-04-17T17:37:48Z">
    <groups>
    </groups>
    <test name="Command line test" duration-ms="61" started-at="2019-04-17T17:37:48Z" finished-at="2019-04-17T17:37:48Z">
      <class name="misTests.Tests">
        <test-method status="PASS" signature="saludarPersona()[pri:0, instance:misTests.Tests@1b0375b3]" name="saludarPersona" duration-ms="9" started-at="2019-04-17T17:37:48Z" finished-at="2019-04-17T17:37:48Z">
          <reporter-output>
          </reporter-output>
        </test-method> <!-- saludarPersona -->
        <test-method status="PASS" signature="testDeNoNulo()[pri:0, instance:misTests.Tests@1b0375b3]" name="testDeNoNulo" duration-ms="2" started-at="2019-04-17T17:37:48Z" finished-at="2019-04-17T17:37:48Z">
          <reporter-output>
          </reporter-output>
        </test-method> <!-- testDeNoNulo -->
        <test-method status="PASS" signature="testDeNulo()[pri:0, instance:misTests.Tests@1b0375b3]" name="testDeNulo" duration-ms="0" started-at="2019-04-17T17:37:48Z" finished-at="2019-04-17T17:37:48Z">
          <reporter-output>
          </reporter-output>
        </test-method> <!-- testDeNulo -->
        <test-method status="PASS" signature="testNumeroFalso()[pri:0, instance:misTests.Tests@1b0375b3]" name="testNumeroFalso" duration-ms="1" started-at="2019-04-17T17:37:48Z" finished-at="2019-04-17T17:37:48Z">
          <reporter-output>
          </reporter-output>
        </test-method> <!-- testNumeroFalso -->
        <test-method status="PASS" signature="testNumeroVerdadero()[pri:0, instance:misTests.Tests@1b0375b3]" name="testNumeroVerdadero" duration-ms="0" started-at="2019-04-17T17:37:48Z" finished-at="2019-04-17T17:37:48Z">
          <reporter-output>
          </reporter-output>
        </test-method> <!-- testNumeroVerdadero -->
        <test-method status="PASS" signature="testNumerosIguales()[pri:0, instance:misTests.Tests@1b0375b3]" name="testNumerosIguales" duration-ms="1" started-at="2019-04-17T17:37:48Z" finished-at="2019-04-17T17:37:48Z">
          <reporter-output>
          </reporter-output>
        </test-method> <!-- testNumerosIguales -->
        <test-method status="PASS" signature="testNumerosNoIguales()[pri:0, instance:misTests.Tests@1b0375b3]" name="testNumerosNoIguales" duration-ms="2" started-at="2019-04-17T17:37:48Z" finished-at="2019-04-17T17:37:48Z">
          <reporter-output>
          </reporter-output>
        </test-method> <!-- testNumerosNoIguales -->
      </class> <!-- misTests.Tests -->
    </test> <!-- Command line test -->
  </suite> <!-- misTests.Tests -->
</testng-results>
